[21-Nov-2015 22:38:46 UTC] PHP Warning:  Invalid argument supplied for foreach() in /home/ubuntu/workspace/ocarina_technologies/view/Home.php on line 40
[21-Nov-2015 22:38:46 UTC] PHP Stack trace:
[21-Nov-2015 22:38:46 UTC] PHP   1. {main}() /home/ubuntu/workspace/ocarina_technologies/view/Home.php:0
[22-Nov-2015 23:59:48 UTC] PHP Fatal error:  Using $this when not in object context in /home/ubuntu/workspace/ocarina_technologies/view/AutoSearch.php on line 5
[22-Nov-2015 23:59:48 UTC] PHP Stack trace:
[22-Nov-2015 23:59:48 UTC] PHP   1. {main}() /home/ubuntu/workspace/ocarina_technologies/view/AutoSearch.php:0
[22-Nov-2015 23:59:54 UTC] PHP Fatal error:  Using $this when not in object context in /home/ubuntu/workspace/ocarina_technologies/view/AutoSearch.php on line 5
[22-Nov-2015 23:59:54 UTC] PHP Stack trace:
[22-Nov-2015 23:59:54 UTC] PHP   1. {main}() /home/ubuntu/workspace/ocarina_technologies/view/AutoSearch.php:0
[23-Nov-2015 00:01:08 UTC] PHP Fatal error:  Call to undefined function l() in /home/ubuntu/workspace/ocarina_technologies/view/AutoSearch.php on line 4
[23-Nov-2015 00:01:08 UTC] PHP Stack trace:
[23-Nov-2015 00:01:08 UTC] PHP   1. {main}() /home/ubuntu/workspace/ocarina_technologies/view/AutoSearch.php:0
[23-Nov-2015 00:01:09 UTC] PHP Fatal error:  Call to undefined function l() in /home/ubuntu/workspace/ocarina_technologies/view/AutoSearch.php on line 4
[23-Nov-2015 00:01:09 UTC] PHP Stack trace:
[23-Nov-2015 00:01:09 UTC] PHP   1. {main}() /home/ubuntu/workspace/ocarina_technologies/view/AutoSearch.php:0
[23-Nov-2015 00:01:09 UTC] PHP Fatal error:  Call to undefined function l() in /home/ubuntu/workspace/ocarina_technologies/view/AutoSearch.php on line 4
[23-Nov-2015 00:01:09 UTC] PHP Stack trace:
[23-Nov-2015 00:01:09 UTC] PHP   1. {main}() /home/ubuntu/workspace/ocarina_technologies/view/AutoSearch.php:0
[23-Nov-2015 00:03:41 UTC] PHP Fatal error:  Using $this when not in object context in /home/ubuntu/workspace/ocarina_technologies/view/AutoSearch.php on line 5
[23-Nov-2015 00:03:41 UTC] PHP Stack trace:
[23-Nov-2015 00:03:41 UTC] PHP   1. {main}() /home/ubuntu/workspace/ocarina_technologies/view/AutoSearch.php:0
[23-Nov-2015 00:03:48 UTC] PHP Fatal error:  Using $this when not in object context in /home/ubuntu/workspace/ocarina_technologies/view/AutoSearch.php on line 5
[23-Nov-2015 00:03:48 UTC] PHP Stack trace:
[23-Nov-2015 00:03:48 UTC] PHP   1. {main}() /home/ubuntu/workspace/ocarina_technologies/view/AutoSearch.php:0
[23-Nov-2015 00:04:14 UTC] PHP Fatal error:  Using $this when not in object context in /home/ubuntu/workspace/ocarina_technologies/view/AutoSearch.php on line 5
[23-Nov-2015 00:04:14 UTC] PHP Stack trace:
[23-Nov-2015 00:04:14 UTC] PHP   1. {main}() /home/ubuntu/workspace/ocarina_technologies/view/AutoSearch.php:0
[23-Nov-2015 00:07:51 UTC] PHP Warning:  require(/home/ubuntu/workspace/ocarina_technologies/view/include/st-index.php): failed to open stream: No such file or directory in /home/ubuntu/workspace/ocarina_technologies/view/AutoSearch.php on line 5
[23-Nov-2015 00:07:51 UTC] PHP Stack trace:
[23-Nov-2015 00:07:51 UTC] PHP   1. {main}() /home/ubuntu/workspace/ocarina_technologies/view/AutoSearch.php:0
[23-Nov-2015 00:07:51 UTC] PHP Fatal error:  require(): Failed opening required '/home/ubuntu/workspace/ocarina_technologies/view/include/st-index.php' (include_path='.:/usr/share/php:/usr/share/pear') in /home/ubuntu/workspace/ocarina_technologies/view/AutoSearch.php on line 5
[23-Nov-2015 00:07:51 UTC] PHP Stack trace:
[23-Nov-2015 00:07:51 UTC] PHP   1. {main}() /home/ubuntu/workspace/ocarina_technologies/view/AutoSearch.php:0
[23-Nov-2015 00:08:26 UTC] PHP Warning:  require(/home/ubuntu/workspace/ocarina_technologies/view/..include/st-index.php): failed to open stream: No such file or directory in /home/ubuntu/workspace/ocarina_technologies/view/AutoSearch.php on line 5
[23-Nov-2015 00:08:26 UTC] PHP Stack trace:
[23-Nov-2015 00:08:26 UTC] PHP   1. {main}() /home/ubuntu/workspace/ocarina_technologies/view/AutoSearch.php:0
[23-Nov-2015 00:08:26 UTC] PHP Fatal error:  require(): Failed opening required '/home/ubuntu/workspace/ocarina_technologies/view/..include/st-index.php' (include_path='.:/usr/share/php:/usr/share/pear') in /home/ubuntu/workspace/ocarina_technologies/view/AutoSearch.php on line 5
[23-Nov-2015 00:08:26 UTC] PHP Stack trace:
[23-Nov-2015 00:08:26 UTC] PHP   1. {main}() /home/ubuntu/workspace/ocarina_technologies/view/AutoSearch.php:0
[22-Nov-2015 16:24:06 America/Vancouver] PHP Warning:  require_once(/home/ubuntu/workspace/ocarina_technologies/view/../include/ajax/view.php): failed to open stream: No such file or directory in /home/ubuntu/workspace/ocarina_technologies/include/st-index.php on line 49
[22-Nov-2015 16:24:06 America/Vancouver] PHP Stack trace:
[22-Nov-2015 16:24:06 America/Vancouver] PHP   1. {main}() /home/ubuntu/workspace/ocarina_technologies/view/AutoSearch.php:0
[22-Nov-2015 16:24:06 America/Vancouver] PHP   2. require() /home/ubuntu/workspace/ocarina_technologies/view/AutoSearch.php:5
[22-Nov-2015 16:24:06 America/Vancouver] PHP   3. st_handler() /home/ubuntu/workspace/ocarina_technologies/include/st-index.php:66
[22-Nov-2015 16:24:06 America/Vancouver] PHP Fatal error:  require_once(): Failed opening required '/home/ubuntu/workspace/ocarina_technologies/view/../include/ajax/view.php' (include_path='.:/usr/share/php:/usr/share/pear') in /home/ubuntu/workspace/ocarina_technologies/include/st-index.php on line 49
[22-Nov-2015 16:24:06 America/Vancouver] PHP Stack trace:
[22-Nov-2015 16:24:06 America/Vancouver] PHP   1. {main}() /home/ubuntu/workspace/ocarina_technologies/view/AutoSearch.php:0
[22-Nov-2015 16:24:06 America/Vancouver] PHP   2. require() /home/ubuntu/workspace/ocarina_technologies/view/AutoSearch.php:5
[22-Nov-2015 16:24:06 America/Vancouver] PHP   3. st_handler() /home/ubuntu/workspace/ocarina_technologies/include/st-index.php:66
